<?xml version="1.0" encoding="UTF-8"?>
<!-- Generated by org.testng.reporters.JUnitXMLReporter -->
<testsuite hostname="EPBYMINW0820" ignored="0" name="Command line test" tests="25" failures="0" timestamp="08 Feb 2017 09:16:47 GMT" time="0.079" errors="0">
  <testcase name="testNegativeSearchNewsInFIle" time="0.0" classname="com.epam.task3.test.TXTFileWorkerDAOTest"/>
  <testcase name="testNegativeSearchNewsInFIle" time="0.0" classname="com.epam.task3.test.TXTFileWorkerDAOTest"/>
  <testcase name="testNegativeSearchNewsInFIle" time="0.0" classname="com.epam.task3.test.TXTFileWorkerDAOTest"/>
  <testcase name="testNegativeSearchNewsInFIle" time="0.0" classname="com.epam.task3.test.TXTFileWorkerDAOTest"/>
  <testcase name="testNegativeSearchNewsInFIle" time="0.0" classname="com.epam.task3.test.TXTFileWorkerDAOTest"/>
  <testcase name="testNegativeSearchNewsInFIle" time="0.016" classname="com.epam.task3.test.TXTFileWorkerDAOTest"/>
  <testcase name="testNegativeSearchNewsInFIle" time="0.0" classname="com.epam.task3.test.TXTFileWorkerDAOTest"/>
  <testcase name="testPositiveAddItem" time="0.0" classname="com.epam.task3.test.TXTFileWorkerDAOTest"/>
  <testcase name="testPositiveAddItem" time="0.0" classname="com.epam.task3.test.TXTFileWorkerDAOTest"/>
  <testcase name="testPositiveAddItem" time="0.0" classname="com.epam.task3.test.TXTFileWorkerDAOTest"/>
  <testcase name="testPositiveAddItem" time="0.0" classname="com.epam.task3.test.TXTFileWorkerDAOTest"/>
  <testcase name="testPositiveSearchNewsInFIle" time="0.0" classname="com.epam.task3.test.TXTFileWorkerDAOTest"/>
  <testcase name="testPositiveSearchNewsInFIle" time="0.0" classname="com.epam.task3.test.TXTFileWorkerDAOTest"/>
  <testcase name="testPositiveSearchNewsInFIle" time="0.0" classname="com.epam.task3.test.TXTFileWorkerDAOTest"/>
  <testcase name="testPositiveSearchNewsInFIle" time="0.0" classname="com.epam.task3.test.TXTFileWorkerDAOTest"/>
  <testcase name="testPositiveSearchNewsInFIle" time="0.0" classname="com.epam.task3.test.TXTFileWorkerDAOTest"/>
  <testcase name="testPositiveSearchNewsInFIle" time="0.0" classname="com.epam.task3.test.TXTFileWorkerDAOTest"/>
  <testcase name="testPositiveSearchNewsInFIle" time="0.0" classname="com.epam.task3.test.TXTFileWorkerDAOTest"/>
  <testcase name="testPositiveSearchNewsInFIle" time="0.0" classname="com.epam.task3.test.TXTFileWorkerDAOTest"/>
  <testcase name="testPositiveSearchNewsInFIle" time="0.0" classname="com.epam.task3.test.TXTFileWorkerDAOTest"/>
  <testcase name="testPositiveSearchNewsInFIle" time="0.0" classname="com.epam.task3.test.TXTFileWorkerDAOTest"/>
  <testcase name="testPositiveSearchNewsInFIle" time="0.0" classname="com.epam.task3.test.TXTFileWorkerDAOTest"/>
  <testcase name="testPositiveSearchNewsInFIle" time="0.0" classname="com.epam.task3.test.TXTFileWorkerDAOTest"/>
  <testcase name="testPositiveSearchNewsInFIle" time="0.0" classname="com.epam.task3.test.TXTFileWorkerDAOTest"/>
  <testcase name="testPositiveSearchNewsInFIle" time="0.0" classname="com.epam.task3.test.TXTFileWorkerDAOTest"/>
</testsuite> <!-- Command line test -->
